0 info it worked if it ends with ok
1 verbose cli [ '/Users/eduardoboucas/.nvm/versions/node/v5.0.0/bin/node',
1 verbose cli   '/Users/eduardoboucas/.nvm/versions/node/v5.0.0/bin/npm',
1 verbose cli   'start' ]
2 info using npm@3.3.6
3 info using node@v5.0.0
4 verbose run-script [ 'prestart', 'start', 'poststart' ]
5 info lifecycle eduardoboucas.com@1.0.0~prestart: eduardoboucas.com@1.0.0
6 silly lifecycle eduardoboucas.com@1.0.0~prestart: no script for prestart, continuing
7 info lifecycle eduardoboucas.com@1.0.0~start: eduardoboucas.com@1.0.0
8 verbose lifecycle eduardoboucas.com@1.0.0~start: unsafe-perm in lifecycle true
9 verbose lifecycle eduardoboucas.com@1.0.0~start: PATH: /Users/eduardoboucas/.nvm/versions/node/v5.0.0/lib/node_modules/npm/bin/node-gyp-bin:/Users/eduardoboucas/Sites/eduardoboucas.com/node_modules/.bin:/Users/eduardoboucas/.nvm/versions/node/v5.0.0/bin:/usr/local/bin:/usr/bin:/bin:/usr/sbin:/sbin:~/.composer/vendor/bin
10 verbose lifecycle eduardoboucas.com@1.0.0~start: CWD: /Users/eduardoboucas/Sites/eduardoboucas.com
11 silly lifecycle eduardoboucas.com@1.0.0~start: Args: [ '-c', 'jekyll serve --port 4100 --host=0.0.0.0 --watch' ]
12 silly lifecycle eduardoboucas.com@1.0.0~start: Returned: code: 1  signal: null
13 info lifecycle eduardoboucas.com@1.0.0~start: Failed to exec start script
14 verbose stack Error: eduardoboucas.com@1.0.0 start: `jekyll serve --port 4100 --host=0.0.0.0 --watch`
14 verbose stack Exit status 1
14 verbose stack     at EventEmitter.<anonymous> (/Users/eduardoboucas/.nvm/versions/node/v5.0.0/lib/node_modules/npm/lib/utils/lifecycle.js:233:16)
14 verbose stack     at emitTwo (events.js:87:13)
14 verbose stack     at EventEmitter.emit (events.js:172:7)
14 verbose stack     at ChildProcess.<anonymous> (/Users/eduardoboucas/.nvm/versions/node/v5.0.0/lib/node_modules/npm/lib/utils/spawn.js:24:14)
14 verbose stack     at emitTwo (events.js:87:13)
14 verbose stack     at ChildProcess.emit (events.js:172:7)
14 verbose stack     at maybeClose (internal/child_process.js:818:16)
14 verbose stack     at Process.ChildProcess._handle.onexit (internal/child_process.js:211:5)
15 verbose pkgid eduardoboucas.com@1.0.0
16 verbose cwd /Users/eduardoboucas/Sites/eduardoboucas.com
17 error Darwin 15.0.0
18 error argv "/Users/eduardoboucas/.nvm/versions/node/v5.0.0/bin/node" "/Users/eduardoboucas/.nvm/versions/node/v5.0.0/bin/npm" "start"
19 error node v5.0.0
20 error npm  v3.3.6
21 error code ELIFECYCLE
22 error eduardoboucas.com@1.0.0 start: `jekyll serve --port 4100 --host=0.0.0.0 --watch`
22 error Exit status 1
23 error Failed at the eduardoboucas.com@1.0.0 start script 'jekyll serve --port 4100 --host=0.0.0.0 --watch'.
23 error This is most likely a problem with the eduardoboucas.com package,
23 error not with npm itself.
23 error Tell the author that this fails on your system:
23 error     jekyll serve --port 4100 --host=0.0.0.0 --watch
23 error You can get their info via:
23 error     npm owner ls eduardoboucas.com
23 error There is likely additional logging output above.
24 verbose exit [ 1, true ]
